<?xml version="1.0" encoding="UTF-8"?>
<!-- Generated by org.testng.reporters.JUnitReportReporter -->
<testsuite hostname="DESKTOP-TBNQDBC" failures="0" tests="1" name="com.inetbanking.testCases.TC_FundTransfer_002" time="14.582" errors="0" timestamp="21 Dec 2021 10:25:09 GMT" skipped="0">
  <testcase classname="com.inetbanking.testCases.TC_FundTransfer_002" name="FundTransfer" time="14.582"/>
</testsuite> <!-- com.inetbanking.testCases.TC_FundTransfer_002 -->
