<?xml version="1.0" encoding="UTF-8"?>
<!-- Generated by org.testng.reporters.JUnitReportReporter -->
<testsuite hostname="DESKTOP-TBNQDBC" failures="0" tests="1" name="com.inetbanking.testCases.TC_LoginTest_001" time="10.318" errors="0" timestamp="21 Dec 2021 10:25:09 GMT" skipped="0">
  <testcase classname="com.inetbanking.testCases.TC_LoginTest_001" name="LoginTest" time="10.318"/>
</testsuite> <!-- com.inetbanking.testCases.TC_LoginTest_001 -->
